<?xml version="1.0" encoding="UTF-8"?>
<testng-results skipped="0" failed="0" ignored="0" total="1" passed="1">
  <reporter-output>
  </reporter-output>
  <suite name="Default suite" duration-ms="32" started-at="2021-05-18T10:54:04Z" finished-at="2021-05-18T10:54:04Z">
    <groups>
    </groups>
    <test name="Default test" duration-ms="32" started-at="2021-05-18T10:54:04Z" finished-at="2021-05-18T10:54:04Z">
      <class name="strings.string_methods">
        <test-method status="PASS" signature="main()[pri:0, instance:strings.string_methods@402f32ff]" name="main" duration-ms="8" started-at="2021-05-18T16:24:04Z" finished-at="2021-05-18T16:24:04Z">
          <reporter-output>
          </reporter-output>
        </test-method> <!-- main -->
      </class> <!-- strings.string_methods -->
    </test> <!-- Default test -->
  </suite> <!-- Default suite -->
</testng-results>
